c:\users\karan semwal\desktop\snaky_git_new\obj\vc143.pdb
c:\users\karan semwal\desktop\snaky_git_new\obj\sprite.obj
c:\users\karan semwal\desktop\snaky_git_new\obj\main.obj
c:\users\karan semwal\desktop\snaky_git_new\obj\board.obj
c:\users\karan semwal\desktop\snaky-newest-git\obj\vc143.pdb
c:\users\karan semwal\desktop\snaky-newest-git\obj\sprite.obj
c:\users\karan semwal\desktop\snaky-newest-git\obj\main.obj
c:\users\karan semwal\desktop\snaky_git_new\bin\snaky.exe
c:\users\karan semwal\desktop\snaky_git_new\obj\snaky.ipdb
c:\users\karan semwal\desktop\snaky_git_new\bin\snaky.pdb
c:\users\karan semwal\desktop\snaky_git_new\obj\snaky.iobj
c:\users\karan semwal\desktop\snaky-newest-git\bin\snaky.exe
c:\users\karan semwal\desktop\snaky-newest-git\obj\snaky.ipdb
c:\users\karan semwal\desktop\snaky-newest-git\bin\snaky.pdb
c:\users\karan semwal\desktop\snaky-newest-git\obj\snaky.iobj
c:\users\karan semwal\desktop\snaky-newest-git\obj\board.obj
c:\users\karan semwal\desktop\snaky-newest-git\obj\game.obj
c:\users\karan semwal\desktop\snaky-newest-git\obj\new.obj
c:\users\karan semwal\desktop\snaky-newest-git\obj\window.obj
c:\users\karan semwal\desktop\snaky-newest-git\obj\shooter.ilk
c:\users\karan semwal\desktop\snaky-newest-git\obj\shooter.ipdb
c:\users\karan semwal\desktop\snaky-newest-git\obj\shooter.iobj
c:\users\karan semwal\desktop\snaky-newest-git\obj\vc143.idb
c:\users\karan semwal\desktop\snaky-newest-git\obj\snaky.tlog\cl.command.1.tlog
c:\users\karan semwal\desktop\snaky-newest-git\obj\snaky.tlog\cl.read.1.tlog
c:\users\karan semwal\desktop\snaky-newest-git\obj\snaky.tlog\cl.write.1.tlog
c:\users\karan semwal\desktop\snaky-newest-git\obj\snaky.tlog\link.command.1.tlog
c:\users\karan semwal\desktop\snaky-newest-git\obj\snaky.tlog\link.read.1.tlog
c:\users\karan semwal\desktop\snaky-newest-git\obj\snaky.tlog\link.write.1.tlog
